[2026-07-04 14:15:59] INFO [django.utils.autoreload:681] Watching for file changes with StatReloader
[2026-07-04 14:16:51] INFO [django.utils.autoreload:681] Watching for file changes with StatReloader
[2026-07-04 14:16:53] ERROR [django.request:249] Internal Server Error: /
Traceback (most recent call last):
  File "C:\Users\aznau\Desktop\shop_dgango_progect\venv\Lib\site-packages\django\core\handlers\exception.py", line 55, in inner
    response = get_response(request)
  File "C:\Users\aznau\Desktop\shop_dgango_progect\venv\Lib\site-packages\django\core\handlers\base.py", line 198, in _get_response
    response = wrapped_callback(request, *callback_args, **callback_kwargs)
  File "C:\Users\aznau\Desktop\shop_dgango_progect\store\views.py", line 21, in index
    return render(request, 'store/store.html', context)
  File "C:\Users\aznau\Desktop\shop_dgango_progect\venv\Lib\site-packages\django\shortcuts.py", line 25, in render
    content = loader.render_to_string(template_name, context, request, using=using)
  File "C:\Users\aznau\Desktop\shop_dgango_progect\venv\Lib\site-packages\django\template\loader.py", line 61, in render_to_string
    template = get_template(template_name, using=using)
  File "C:\Users\aznau\Desktop\shop_dgango_progect\venv\Lib\site-packages\django\template\loader.py", line 19, in get_template
    raise TemplateDoesNotExist(template_name, chain=chain)
django.template.exceptions.TemplateDoesNotExist: store/store.html
[2026-07-04 14:18:23] INFO [django.utils.autoreload:681] Watching for file changes with StatReloader
[2026-07-04 14:18:24] ERROR [django.request:249] Internal Server Error: /
Traceback (most recent call last):
  File "C:\Users\aznau\Desktop\shop_dgango_progect\venv\Lib\site-packages\django\core\handlers\exception.py", line 55, in inner
    response = get_response(request)
  File "C:\Users\aznau\Desktop\shop_dgango_progect\venv\Lib\site-packages\django\core\handlers\base.py", line 198, in _get_response
    response = wrapped_callback(request, *callback_args, **callback_kwargs)
  File "C:\Users\aznau\Desktop\shop_dgango_progect\store\views.py", line 21, in index
    return render(request, 'store/store.html', context)
  File "C:\Users\aznau\Desktop\shop_dgango_progect\venv\Lib\site-packages\django\shortcuts.py", line 25, in render
    content = loader.render_to_string(template_name, context, request, using=using)
  File "C:\Users\aznau\Desktop\shop_dgango_progect\venv\Lib\site-packages\django\template\loader.py", line 61, in render_to_string
    template = get_template(template_name, using=using)
  File "C:\Users\aznau\Desktop\shop_dgango_progect\venv\Lib\site-packages\django\template\loader.py", line 19, in get_template
    raise TemplateDoesNotExist(template_name, chain=chain)
django.template.exceptions.TemplateDoesNotExist: store/store.html
[2026-07-04 14:19:18] INFO [django.utils.autoreload:681] Watching for file changes with StatReloader
[2026-07-04 14:19:19] ERROR [django.request:249] Internal Server Error: /
Traceback (most recent call last):
  File "C:\Users\aznau\Desktop\shop_dgango_progect\venv\Lib\site-packages\django\core\handlers\exception.py", line 55, in inner
    response = get_response(request)
  File "C:\Users\aznau\Desktop\shop_dgango_progect\venv\Lib\site-packages\django\core\handlers\base.py", line 198, in _get_response
    response = wrapped_callback(request, *callback_args, **callback_kwargs)
  File "C:\Users\aznau\Desktop\shop_dgango_progect\store\views.py", line 21, in index
    return render(request, 'store/store.html', context)
  File "C:\Users\aznau\Desktop\shop_dgango_progect\venv\Lib\site-packages\django\shortcuts.py", line 25, in render
    content = loader.render_to_string(template_name, context, request, using=using)
  File "C:\Users\aznau\Desktop\shop_dgango_progect\venv\Lib\site-packages\django\template\loader.py", line 61, in render_to_string
    template = get_template(template_name, using=using)
  File "C:\Users\aznau\Desktop\shop_dgango_progect\venv\Lib\site-packages\django\template\loader.py", line 19, in get_template
    raise TemplateDoesNotExist(template_name, chain=chain)
django.template.exceptions.TemplateDoesNotExist: store/store.html
[2026-07-04 14:21:53] INFO [django.utils.autoreload:681] Watching for file changes with StatReloader
[2026-07-04 14:21:56] ERROR [django.request:249] Internal Server Error: /
Traceback (most recent call last):
  File "C:\Users\aznau\Desktop\shop_dgango_progect\venv\Lib\site-packages\django\core\handlers\exception.py", line 55, in inner
    response = get_response(request)
  File "C:\Users\aznau\Desktop\shop_dgango_progect\venv\Lib\site-packages\django\core\handlers\base.py", line 198, in _get_response
    response = wrapped_callback(request, *callback_args, **callback_kwargs)
  File "C:\Users\aznau\Desktop\shop_dgango_progect\store\views.py", line 21, in index
    return render(request, 'store/store.html', context)
  File "C:\Users\aznau\Desktop\shop_dgango_progect\venv\Lib\site-packages\django\shortcuts.py", line 25, in render
    content = loader.render_to_string(template_name, context, request, using=using)
  File "C:\Users\aznau\Desktop\shop_dgango_progect\venv\Lib\site-packages\django\template\loader.py", line 61, in render_to_string
    template = get_template(template_name, using=using)
  File "C:\Users\aznau\Desktop\shop_dgango_progect\venv\Lib\site-packages\django\template\loader.py", line 19, in get_template
    raise TemplateDoesNotExist(template_name, chain=chain)
django.template.exceptions.TemplateDoesNotExist: store/store.html
[2026-07-04 14:24:10] INFO [django.utils.autoreload:265] C:\Users\aznau\Desktop\shop_dgango_progect\store\views.py changed, reloading.
[2026-07-04 14:24:10] INFO [django.utils.autoreload:681] Watching for file changes with StatReloader
[2026-07-04 14:24:14] INFO [django.utils.autoreload:265] C:\Users\aznau\Desktop\shop_dgango_progect\store\views.py changed, reloading.
[2026-07-04 14:24:15] INFO [django.utils.autoreload:681] Watching for file changes with StatReloader
[2026-07-04 14:24:34] INFO [django.utils.autoreload:681] Watching for file changes with StatReloader
[2026-07-04 14:24:55] WARNING [django.security.csrf:249] Forbidden (CSRF cookie not set.): /add_product/
[2026-07-04 14:26:00] INFO [django.utils.autoreload:265] C:\Users\aznau\Desktop\shop_dgango_progect\store\views.py changed, reloading.
[2026-07-04 14:26:01] INFO [django.utils.autoreload:681] Watching for file changes with StatReloader
[2026-07-04 14:26:37] INFO [django.utils.autoreload:265] C:\Users\aznau\Desktop\shop_dgango_progect\store\views.py changed, reloading.
[2026-07-04 14:26:37] INFO [django.utils.autoreload:681] Watching for file changes with StatReloader
[2026-07-04 14:26:59] INFO [django.utils.autoreload:265] C:\Users\aznau\Desktop\shop_dgango_progect\store\views.py changed, reloading.
[2026-07-04 14:26:59] INFO [django.utils.autoreload:681] Watching for file changes with StatReloader
[2026-07-04 14:27:35] INFO [django.utils.autoreload:265] C:\Users\aznau\Desktop\shop_dgango_progect\store\views.py changed, reloading.
[2026-07-04 14:27:36] INFO [django.utils.autoreload:681] Watching for file changes with StatReloader
[2026-07-04 14:27:47] INFO [store.views:90] Создан новый продукт: фыафыва (ID: 1)
[2026-07-04 20:40:07] INFO [django.utils.autoreload:681] Watching for file changes with StatReloader
[2026-07-04 20:41:39] INFO [django.utils.autoreload:681] Watching for file changes with StatReloader
[2026-07-04 20:42:38] INFO [django.utils.autoreload:681] Watching for file changes with StatReloader
[2026-07-04 20:56:24] INFO [django.utils.autoreload:681] Watching for file changes with StatReloader
[2026-07-04 20:56:26] ERROR [django.request:249] Internal Server Error: /
Traceback (most recent call last):
  File "C:\Users\aznau\Desktop\shop_dgango_progect\venv\Lib\site-packages\django\core\handlers\exception.py", line 55, in inner
    response = get_response(request)
  File "C:\Users\aznau\Desktop\shop_dgango_progect\venv\Lib\site-packages\django\core\handlers\base.py", line 198, in _get_response
    response = wrapped_callback(request, *callback_args, **callback_kwargs)
  File "C:\Users\aznau\Desktop\shop_dgango_progect\store\views.py", line 19, in index
    return render(request, 'store.html', context)
  File "C:\Users\aznau\Desktop\shop_dgango_progect\venv\Lib\site-packages\django\shortcuts.py", line 25, in render
    content = loader.render_to_string(template_name, context, request, using=using)
  File "C:\Users\aznau\Desktop\shop_dgango_progect\venv\Lib\site-packages\django\template\loader.py", line 61, in render_to_string
    template = get_template(template_name, using=using)
  File "C:\Users\aznau\Desktop\shop_dgango_progect\venv\Lib\site-packages\django\template\loader.py", line 19, in get_template
    raise TemplateDoesNotExist(template_name, chain=chain)
django.template.exceptions.TemplateDoesNotExist: store.html
[2026-07-04 21:02:07] INFO [django.utils.autoreload:681] Watching for file changes with StatReloader
[2026-07-04 21:02:16] ERROR [django.request:249] Internal Server Error: /about/
Traceback (most recent call last):
  File "C:\Users\aznau\Desktop\shop_dgango_progect\venv\Lib\site-packages\django\core\handlers\exception.py", line 55, in inner
    response = get_response(request)
  File "C:\Users\aznau\Desktop\shop_dgango_progect\venv\Lib\site-packages\django\core\handlers\base.py", line 198, in _get_response
    response = wrapped_callback(request, *callback_args, **callback_kwargs)
  File "C:\Users\aznau\Desktop\shop_dgango_progect\store\views.py", line 24, in about
    return render(request, 'about.html')
  File "C:\Users\aznau\Desktop\shop_dgango_progect\venv\Lib\site-packages\django\shortcuts.py", line 25, in render
    content = loader.render_to_string(template_name, context, request, using=using)
  File "C:\Users\aznau\Desktop\shop_dgango_progect\venv\Lib\site-packages\django\template\loader.py", line 61, in render_to_string
    template = get_template(template_name, using=using)
  File "C:\Users\aznau\Desktop\shop_dgango_progect\venv\Lib\site-packages\django\template\loader.py", line 19, in get_template
    raise TemplateDoesNotExist(template_name, chain=chain)
django.template.exceptions.TemplateDoesNotExist: about.html
[2026-07-04 21:32:31] INFO [django.utils.autoreload:681] Watching for file changes with StatReloader
[2026-07-04 21:32:38] ERROR [django.request:249] Internal Server Error: /about/
Traceback (most recent call last):
  File "C:\Users\aznau\Desktop\shop_dgango_progect\venv\Lib\site-packages\django\template\base.py", line 577, in parse
    compile_func = self.tags[command]
                   ~~~~~~~~~^^^^^^^^^
KeyError: '{%'

During handling of the above exception, another exception occurred:

Traceback (most recent call last):
  File "C:\Users\aznau\Desktop\shop_dgango_progect\venv\Lib\site-packages\django\core\handlers\exception.py", line 55, in inner
    response = get_response(request)
  File "C:\Users\aznau\Desktop\shop_dgango_progect\venv\Lib\site-packages\django\core\handlers\base.py", line 198, in _get_response
    response = wrapped_callback(request, *callback_args, **callback_kwargs)
  File "C:\Users\aznau\Desktop\shop_dgango_progect\store\views.py", line 24, in about
    return render(request, 'store/about.html')
  File "C:\Users\aznau\Desktop\shop_dgango_progect\venv\Lib\site-packages\django\shortcuts.py", line 25, in render
    content = loader.render_to_string(template_name, context, request, using=using)
  File "C:\Users\aznau\Desktop\shop_dgango_progect\venv\Lib\site-packages\django\template\loader.py", line 61, in render_to_string
    template = get_template(template_name, using=using)
  File "C:\Users\aznau\Desktop\shop_dgango_progect\venv\Lib\site-packages\django\template\loader.py", line 15, in get_template
    return engine.get_template(template_name)
           ~~~~~~~~~~~~~~~~~~~^^^^^^^^^^^^^^^
  File "C:\Users\aznau\Desktop\shop_dgango_progect\venv\Lib\site-packages\django\template\backends\django.py", line 79, in get_template
    return Template(self.engine.get_template(template_name), self)
                    ~~~~~~~~~~~~~~~~~~~~~~~~^^^^^^^^^^^^^^^
  File "C:\Users\aznau\Desktop\shop_dgango_progect\venv\Lib\site-packages\django\template\engine.py", line 186, in get_template
    template, origin = self.find_template(template_name)
                       ~~~~~~~~~~~~~~~~~~^^^^^^^^^^^^^^^
  File "C:\Users\aznau\Desktop\shop_dgango_progect\venv\Lib\site-packages\django\template\engine.py", line 159, in find_template
    template = loader.get_template(name, skip=skip)
  File "C:\Users\aznau\Desktop\shop_dgango_progect\venv\Lib\site-packages\django\template\loaders\cached.py", line 57, in get_template
    template = super().get_template(template_name, skip)
  File "C:\Users\aznau\Desktop\shop_dgango_progect\venv\Lib\site-packages\django\template\loaders\base.py", line 28, in get_template
    return Template(
        contents,
    ...<2 lines>...
        self.engine,
    )
  File "C:\Users\aznau\Desktop\shop_dgango_progect\venv\Lib\site-packages\django\template\base.py", line 157, in __init__
    self.nodelist = self.compile_nodelist()
                    ~~~~~~~~~~~~~~~~~~~~~^^
  File "C:\Users\aznau\Desktop\shop_dgango_progect\venv\Lib\site-packages\django\template\base.py", line 199, in compile_nodelist
    nodelist = parser.parse()
  File "C:\Users\aznau\Desktop\shop_dgango_progect\venv\Lib\site-packages\django\template\base.py", line 585, in parse
    raise self.error(token, e)
  File "C:\Users\aznau\Desktop\shop_dgango_progect\venv\Lib\site-packages\django\template\base.py", line 583, in parse
    compiled_result = compile_func(self, token)
  File "C:\Users\aznau\Desktop\shop_dgango_progect\venv\Lib\site-packages\django\template\loader_tags.py", line 235, in do_block
    nodelist = parser.parse(("endblock",))
  File "C:\Users\aznau\Desktop\shop_dgango_progect\venv\Lib\site-packages\django\template\base.py", line 585, in parse
    raise self.error(token, e)
  File "C:\Users\aznau\Desktop\shop_dgango_progect\venv\Lib\site-packages\django\template\base.py", line 583, in parse
    compiled_result = compile_func(self, token)
  File "C:\Users\aznau\Desktop\shop_dgango_progect\venv\Lib\site-packages\django\template\loader_tags.py", line 235, in do_block
    nodelist = parser.parse(("endblock",))
  File "C:\Users\aznau\Desktop\shop_dgango_progect\venv\Lib\site-packages\django\template\base.py", line 579, in parse
    self.invalid_block_tag(token, command, parse_until)
    ~~~~~~~~~~~~~~~~~~~~~~^^^^^^^^^^^^^^^^^^^^^^^^^^^^^
  File "C:\Users\aznau\Desktop\shop_dgango_progect\venv\Lib\site-packages\django\template\base.py", line 634, in invalid_block_tag
    raise self.error(
    ...<8 lines>...
    )
django.template.exceptions.TemplateSyntaxError: Template: C:\Users\aznau\Desktop\shop_dgango_progect\store\templates\store\about.html, Invalid block tag on line 3: '{%', expected 'endblock'. Did you forget to register or load this tag?
[2026-07-04 21:34:18] INFO [django.utils.autoreload:681] Watching for file changes with StatReloader
[2026-07-04 21:34:20] ERROR [django.request:249] Internal Server Error: /about/
Traceback (most recent call last):
  File "C:\Users\aznau\Desktop\shop_dgango_progect\venv\Lib\site-packages\django\template\base.py", line 577, in parse
    compile_func = self.tags[command]
                   ~~~~~~~~~^^^^^^^^^
KeyError: '{%'

During handling of the above exception, another exception occurred:

Traceback (most recent call last):
  File "C:\Users\aznau\Desktop\shop_dgango_progect\venv\Lib\site-packages\django\core\handlers\exception.py", line 55, in inner
    response = get_response(request)
  File "C:\Users\aznau\Desktop\shop_dgango_progect\venv\Lib\site-packages\django\core\handlers\base.py", line 198, in _get_response
    response = wrapped_callback(request, *callback_args, **callback_kwargs)
  File "C:\Users\aznau\Desktop\shop_dgango_progect\store\views.py", line 24, in about
    return render(request, 'store/about.html')
  File "C:\Users\aznau\Desktop\shop_dgango_progect\venv\Lib\site-packages\django\shortcuts.py", line 25, in render
    content = loader.render_to_string(template_name, context, request, using=using)
  File "C:\Users\aznau\Desktop\shop_dgango_progect\venv\Lib\site-packages\django\template\loader.py", line 61, in render_to_string
    template = get_template(template_name, using=using)
  File "C:\Users\aznau\Desktop\shop_dgango_progect\venv\Lib\site-packages\django\template\loader.py", line 15, in get_template
    return engine.get_template(template_name)
           ~~~~~~~~~~~~~~~~~~~^^^^^^^^^^^^^^^
  File "C:\Users\aznau\Desktop\shop_dgango_progect\venv\Lib\site-packages\django\template\backends\django.py", line 79, in get_template
    return Template(self.engine.get_template(template_name), self)
                    ~~~~~~~~~~~~~~~~~~~~~~~~^^^^^^^^^^^^^^^
  File "C:\Users\aznau\Desktop\shop_dgango_progect\venv\Lib\site-packages\django\template\engine.py", line 186, in get_template
    template, origin = self.find_template(template_name)
                       ~~~~~~~~~~~~~~~~~~^^^^^^^^^^^^^^^
  File "C:\Users\aznau\Desktop\shop_dgango_progect\venv\Lib\site-packages\django\template\engine.py", line 159, in find_template
    template = loader.get_template(name, skip=skip)
  File "C:\Users\aznau\Desktop\shop_dgango_progect\venv\Lib\site-packages\django\template\loaders\cached.py", line 57, in get_template
    template = super().get_template(template_name, skip)
  File "C:\Users\aznau\Desktop\shop_dgango_progect\venv\Lib\site-packages\django\template\loaders\base.py", line 28, in get_template
    return Template(
        contents,
    ...<2 lines>...
        self.engine,
    )
  File "C:\Users\aznau\Desktop\shop_dgango_progect\venv\Lib\site-packages\django\template\base.py", line 157, in __init__
    self.nodelist = self.compile_nodelist()
                    ~~~~~~~~~~~~~~~~~~~~~^^
  File "C:\Users\aznau\Desktop\shop_dgango_progect\venv\Lib\site-packages\django\template\base.py", line 199, in compile_nodelist
    nodelist = parser.parse()
  File "C:\Users\aznau\Desktop\shop_dgango_progect\venv\Lib\site-packages\django\template\base.py", line 585, in parse
    raise self.error(token, e)
  File "C:\Users\aznau\Desktop\shop_dgango_progect\venv\Lib\site-packages\django\template\base.py", line 583, in parse
    compiled_result = compile_func(self, token)
  File "C:\Users\aznau\Desktop\shop_dgango_progect\venv\Lib\site-packages\django\template\loader_tags.py", line 235, in do_block
    nodelist = parser.parse(("endblock",))
  File "C:\Users\aznau\Desktop\shop_dgango_progect\venv\Lib\site-packages\django\template\base.py", line 585, in parse
    raise self.error(token, e)
  File "C:\Users\aznau\Desktop\shop_dgango_progect\venv\Lib\site-packages\django\template\base.py", line 583, in parse
    compiled_result = compile_func(self, token)
  File "C:\Users\aznau\Desktop\shop_dgango_progect\venv\Lib\site-packages\django\template\loader_tags.py", line 235, in do_block
    nodelist = parser.parse(("endblock",))
  File "C:\Users\aznau\Desktop\shop_dgango_progect\venv\Lib\site-packages\django\template\base.py", line 579, in parse
    self.invalid_block_tag(token, command, parse_until)
    ~~~~~~~~~~~~~~~~~~~~~~^^^^^^^^^^^^^^^^^^^^^^^^^^^^^
  File "C:\Users\aznau\Desktop\shop_dgango_progect\venv\Lib\site-packages\django\template\base.py", line 634, in invalid_block_tag
    raise self.error(
    ...<8 lines>...
    )
django.template.exceptions.TemplateSyntaxError: Template: C:\Users\aznau\Desktop\shop_dgango_progect\store\templates\store\about.html, Invalid block tag on line 3: '{%', expected 'endblock'. Did you forget to register or load this tag?
[2026-07-04 21:35:15] INFO [django.utils.autoreload:681] Watching for file changes with StatReloader
[2026-07-04 21:35:20] ERROR [django.request:249] Internal Server Error: /about/
Traceback (most recent call last):
  File "C:\Users\aznau\Desktop\shop_dgango_progect\venv\Lib\site-packages\django\core\handlers\exception.py", line 55, in inner
    response = get_response(request)
  File "C:\Users\aznau\Desktop\shop_dgango_progect\venv\Lib\site-packages\django\core\handlers\base.py", line 198, in _get_response
    response = wrapped_callback(request, *callback_args, **callback_kwargs)
  File "C:\Users\aznau\Desktop\shop_dgango_progect\store\views.py", line 24, in about
    return render(request, 'store/about.html')
  File "C:\Users\aznau\Desktop\shop_dgango_progect\venv\Lib\site-packages\django\shortcuts.py", line 25, in render
    content = loader.render_to_string(template_name, context, request, using=using)
  File "C:\Users\aznau\Desktop\shop_dgango_progect\venv\Lib\site-packages\django\template\loader.py", line 61, in render_to_string
    template = get_template(template_name, using=using)
  File "C:\Users\aznau\Desktop\shop_dgango_progect\venv\Lib\site-packages\django\template\loader.py", line 15, in get_template
    return engine.get_template(template_name)
           ~~~~~~~~~~~~~~~~~~~^^^^^^^^^^^^^^^
  File "C:\Users\aznau\Desktop\shop_dgango_progect\venv\Lib\site-packages\django\template\backends\django.py", line 79, in get_template
    return Template(self.engine.get_template(template_name), self)
                    ~~~~~~~~~~~~~~~~~~~~~~~~^^^^^^^^^^^^^^^
  File "C:\Users\aznau\Desktop\shop_dgango_progect\venv\Lib\site-packages\django\template\engine.py", line 186, in get_template
    template, origin = self.find_template(template_name)
                       ~~~~~~~~~~~~~~~~~~^^^^^^^^^^^^^^^
  File "C:\Users\aznau\Desktop\shop_dgango_progect\venv\Lib\site-packages\django\template\engine.py", line 159, in find_template
    template = loader.get_template(name, skip=skip)
  File "C:\Users\aznau\Desktop\shop_dgango_progect\venv\Lib\site-packages\django\template\loaders\cached.py", line 57, in get_template
    template = super().get_template(template_name, skip)
  File "C:\Users\aznau\Desktop\shop_dgango_progect\venv\Lib\site-packages\django\template\loaders\base.py", line 28, in get_template
    return Template(
        contents,
    ...<2 lines>...
        self.engine,
    )
  File "C:\Users\aznau\Desktop\shop_dgango_progect\venv\Lib\site-packages\django\template\base.py", line 157, in __init__
    self.nodelist = self.compile_nodelist()
                    ~~~~~~~~~~~~~~~~~~~~~^^
  File "C:\Users\aznau\Desktop\shop_dgango_progect\venv\Lib\site-packages\django\template\base.py", line 199, in compile_nodelist
    nodelist = parser.parse()
  File "C:\Users\aznau\Desktop\shop_dgango_progect\venv\Lib\site-packages\django\template\base.py", line 585, in parse
    raise self.error(token, e)
  File "C:\Users\aznau\Desktop\shop_dgango_progect\venv\Lib\site-packages\django\template\base.py", line 583, in parse
    compiled_result = compile_func(self, token)
  File "C:\Users\aznau\Desktop\shop_dgango_progect\venv\Lib\site-packages\django\template\loader_tags.py", line 235, in do_block
    nodelist = parser.parse(("endblock",))
  File "C:\Users\aznau\Desktop\shop_dgango_progect\venv\Lib\site-packages\django\template\base.py", line 585, in parse
    raise self.error(token, e)
  File "C:\Users\aznau\Desktop\shop_dgango_progect\venv\Lib\site-packages\django\template\base.py", line 583, in parse
    compiled_result = compile_func(self, token)
  File "C:\Users\aznau\Desktop\shop_dgango_progect\venv\Lib\site-packages\django\template\loader_tags.py", line 229, in do_block
    raise TemplateSyntaxError(
        "'%s' tag with name '%s' appears more than once" % (bits[0], block_name)
    )
django.template.exceptions.TemplateSyntaxError: Template: C:\Users\aznau\Desktop\shop_dgango_progect\store\templates\store\about.html, 'block' tag with name 'content' appears more than once
[2026-07-04 21:35:46] INFO [django.utils.autoreload:681] Watching for file changes with StatReloader
[2026-07-04 21:36:40] INFO [django.utils.autoreload:681] Watching for file changes with StatReloader
[2026-07-04 21:54:02] INFO [django.utils.autoreload:681] Watching for file changes with StatReloader
[2026-07-05 23:13:05] INFO [django.utils.autoreload:681] Watching for file changes with StatReloader
[2026-07-06 00:12:34] INFO [django.utils.autoreload:681] Watching for file changes with StatReloader
[2026-07-06 00:12:58] INFO [django.utils.autoreload:265] C:\Users\aznau\Desktop\shop_dgango_progect\store\models.py changed, reloading.
[2026-07-06 00:12:58] INFO [django.utils.autoreload:681] Watching for file changes with StatReloader
[2026-07-06 00:13:00] INFO [django.utils.autoreload:265] C:\Users\aznau\Desktop\shop_dgango_progect\store\models.py changed, reloading.
[2026-07-06 00:13:00] INFO [django.utils.autoreload:681] Watching for file changes with StatReloader
[2026-07-06 00:13:02] INFO [django.utils.autoreload:265] C:\Users\aznau\Desktop\shop_dgango_progect\store\models.py changed, reloading.
[2026-07-06 00:13:03] INFO [django.utils.autoreload:681] Watching for file changes with StatReloader
[2026-07-06 00:13:04] INFO [django.utils.autoreload:265] C:\Users\aznau\Desktop\shop_dgango_progect\store\models.py changed, reloading.
[2026-07-06 00:13:05] INFO [django.utils.autoreload:681] Watching for file changes with StatReloader
[2026-07-06 00:13:09] INFO [django.utils.autoreload:265] C:\Users\aznau\Desktop\shop_dgango_progect\store\models.py changed, reloading.
[2026-07-06 00:13:10] INFO [django.utils.autoreload:681] Watching for file changes with StatReloader
[2026-07-06 00:13:12] INFO [django.utils.autoreload:265] C:\Users\aznau\Desktop\shop_dgango_progect\store\models.py changed, reloading.
[2026-07-06 00:13:12] INFO [django.utils.autoreload:681] Watching for file changes with StatReloader
[2026-07-06 00:13:13] INFO [django.utils.autoreload:265] C:\Users\aznau\Desktop\shop_dgango_progect\store\models.py changed, reloading.
[2026-07-06 00:13:14] INFO [django.utils.autoreload:681] Watching for file changes with StatReloader
[2026-07-06 14:34:25] INFO [django.utils.autoreload:681] Watching for file changes with StatReloader
[2026-07-06 14:34:28] INFO [store.views:20] На главную страницу зашел гость с IP: 127.0.0.1
[2026-07-06 14:34:33] WARNING [django.request:249] Not Found: /accounts/login/
[2026-07-06 14:34:56] WARNING [django.request:249] Not Found: /accounts/login/
[2026-07-06 14:36:59] INFO [store.views:20] На главную страницу зашел гость с IP: 127.0.0.1
[2026-07-06 14:38:55] INFO [django.utils.autoreload:681] Watching for file changes with StatReloader
[2026-07-06 14:38:56] INFO [store.views:20] На главную страницу зашел гость с IP: 127.0.0.1
[2026-07-06 14:43:02] INFO [django.utils.autoreload:681] Watching for file changes with StatReloader
[2026-07-06 14:43:05] INFO [store.views:20] На главную страницу зашел гость с IP: 127.0.0.1
[2026-07-06 14:47:18] INFO [django.utils.autoreload:681] Watching for file changes with StatReloader
[2026-07-06 14:47:19] INFO [store.views:20] На главную страницу зашел гость с IP: 127.0.0.1
[2026-07-06 14:51:21] INFO [store.views:20] На главную страницу зашел гость с IP: 127.0.0.1
